[debug] [2023-11-29T09:03:08.368Z] ----------------------------------------------------------------------
[debug] [2023-11-29T09:03:08.371Z] Command:       C:\Program Files\nodejs\node.exe C:\Users\ANURAG\AppData\Roaming\npm\node_modules\firebase-tools\lib\bin\firebase.js init
[debug] [2023-11-29T09:03:08.371Z] CLI Version:   12.9.1
[debug] [2023-11-29T09:03:08.372Z] Platform:      win32
[debug] [2023-11-29T09:03:08.372Z] Node Version:  v16.17.1
[debug] [2023-11-29T09:03:08.373Z] Time:          Wed Nov 29 2023 14:33:08 GMT+0530 (India Standard Time)
[debug] [2023-11-29T09:03:08.373Z] ----------------------------------------------------------------------
[debug] 
[debug] [2023-11-29T09:03:08.385Z] > command requires scopes: ["email","openid","https://www.googleapis.com/auth/cloudplatformprojects.readonly","https://www.googleapis.com/auth/firebase","https://www.googleapis.com/auth/cloud-platform"]
[debug] [2023-11-29T09:03:08.386Z] > authorizing via signed-in user (anurag180203@gmail.com)
[info] 
     ######## #### ########  ######## ########     ###     ######  ########
     ##        ##  ##     ## ##       ##     ##  ##   ##  ##       ##
     ######    ##  ########  ######   ########  #########  ######  ######
     ##        ##  ##    ##  ##       ##     ## ##     ##       ## ##
     ##       #### ##     ## ######## ########  ##     ##  ######  ########

You're about to initialize a Firebase project in this directory:

  D:\web development\files\react\whatsapp-clone

[info] 
=== Project Setup
[info] 
[info] First, let's associate this project directory with a Firebase project.
[info] You can create multiple project aliases by running firebase use --add, 
[info] but for now we'll just set up a default project.
[info] 
[debug] [2023-11-29T09:03:12.828Z] >>> [apiv2][query] GET https://firebase.googleapis.com/v1beta1/projects pageSize=100
[debug] [2023-11-29T09:03:13.652Z] <<< [apiv2][status] GET https://firebase.googleapis.com/v1beta1/projects 200
[debug] [2023-11-29T09:03:13.652Z] <<< [apiv2][body] GET https://firebase.googleapis.com/v1beta1/projects [omitted]
[info] i  Using project whatsapp-clone-2ad82 (Whatsapp Clone) 
[info] 
=== Hosting Setup
[debug] [2023-11-29T09:03:16.822Z] >>> [apiv2][query] GET https://firebase.googleapis.com/v1beta1/projects/whatsapp-clone-2ad82 [none]
[debug] [2023-11-29T09:03:17.289Z] <<< [apiv2][status] GET https://firebase.googleapis.com/v1beta1/projects/whatsapp-clone-2ad82 200
[debug] [2023-11-29T09:03:17.290Z] <<< [apiv2][body] GET https://firebase.googleapis.com/v1beta1/projects/whatsapp-clone-2ad82 {"projectId":"whatsapp-clone-2ad82","projectNumber":"813928173104","displayName":"Whatsapp Clone","name":"projects/whatsapp-clone-2ad82","resources":{"hostingSite":"whatsapp-clone-2ad82","realtimeDatabaseInstance":"whatsapp-clone-2ad82-default-rtdb"},"state":"ACTIVE","etag":"1_bb8ec07f-6c4a-477d-b85e-85707ca96f54"}
[info] 
[info] Your public directory is the folder (relative to your project directory) that
[info] will contain Hosting assets to be uploaded with firebase deploy. If you
[info] have a build process for your assets, use your build's output directory.
[info] 
[debug] [2023-11-29T09:04:01.923Z] >>> [apiv2][query] GET https://www.gstatic.com/firebasejs/releases.json [none]
[debug] [2023-11-29T09:04:02.073Z] <<< [apiv2][status] GET https://www.gstatic.com/firebasejs/releases.json 200
[debug] [2023-11-29T09:04:02.073Z] <<< [apiv2][body] GET https://www.gstatic.com/firebasejs/releases.json {"current":{"version":"10.7.0","browserURL":"https://www.gstatic.com/firebasejs/10.7.0/firebase.js","packageURL":"https://www.gstatic.com/firebasejs/10.7.0/firebase.tgz"},"live":{"version":"10.7","browserURL":"https://www.gstatic.com/firebasejs/live/10.7/firebase.js","packageURL":"https://www.gstatic.com/firebasejs/live/10.7/firebase.tgz"},"components":{"analytics":"https://www.gstatic.com/firebasejs/10.7.0/firebase-analytics.js","app":"https://www.gstatic.com/firebasejs/10.7.0/firebase-app.js","app-check":"https://www.gstatic.com/firebasejs/10.7.0/firebase-app-check.js","auth":"https://www.gstatic.com/firebasejs/10.7.0/firebase-auth.js","auth/cordova":"https://www.gstatic.com/firebasejs/10.7.0/firebase-auth/cordova.js","functions":"https://www.gstatic.com/firebasejs/10.7.0/firebase-functions.js","firestore":"https://www.gstatic.com/firebasejs/10.7.0/firebase-firestore.js","firestore/lite":"https://www.gstatic.com/firebasejs/10.7.0/firebase-firestore/lite.js","installations":"https://www.gstatic.com/firebasejs/10.7.0/firebase-installations.js","storage":"https://www.gstatic.com/firebasejs/10.7.0/firebase-storage.js","performance":"https://www.gstatic.com/firebasejs/10.7.0/firebase-performance.js","remote-config":"https://www.gstatic.com/firebasejs/10.7.0/firebase-remote-config.js","messaging":"https://www.gstatic.com/firebasejs/10.7.0/firebase-messaging.js","messaging/sw":"https://www.gstatic.com/firebasejs/10.7.0/firebase-messaging/sw.js","database":"https://www.gstatic.com/firebasejs/10.7.0/firebase-database.js","firestore.memory":"https://www.gstatic.com/firebasejs/10.7.0/firebase-firestore.memory.js"}}
[info] +  Wrote build/index.html 
[info] 
[info] i  Detected a .git folder at D:\web development\files\react\whatsapp-clone 
[info] i  Authorizing with GitHub to upload your service account to a GitHub repository's secrets store. 
[info] 
[info] Visit this URL on this device to log in:
[info] https://github.com/login/oauth/authorize?client_id=89cf50f02ac6aaed3484&state=249941084&redirect_uri=http%3A%2F%2Flocalhost%3A9005&scope=read%3Auser%20repo%20public_repo
[info] 
[info] Waiting for authentication...
[debug] [2023-11-29T09:04:02.965Z] >>> [apiv2][query] POST https://github.com/login/oauth/access_token [none]
[debug] [2023-11-29T09:04:02.966Z] >>> [apiv2][body] POST https://github.com/login/oauth/access_token [stream]
[debug] [2023-11-29T09:04:03.556Z] <<< [apiv2][status] POST https://github.com/login/oauth/access_token 200
[debug] [2023-11-29T09:04:03.556Z] <<< [apiv2][body] POST https://github.com/login/oauth/access_token {"access_token":"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","token_type":"bearer","scope":"read:user,repo"}
[debug] [2023-11-29T09:04:03.570Z] >>> [apiv2][query] GET https://api.github.com/user [none]
[debug] [2023-11-29T09:04:04.181Z] <<< [apiv2][status] GET https://api.github.com/user 200
[debug] [2023-11-29T09:04:04.182Z] <<< [apiv2][body] GET https://api.github.com/user {"login":"Anurag180203","id":112852778,"node_id":"U_kgDOBrn_Kg","avatar_url":"https://avatars.githubusercontent.com/u/112852778?v=4","gravatar_id":"","url":"https://api.github.com/users/Anurag180203","html_url":"https://github.com/Anurag180203","followers_url":"https://api.github.com/users/Anurag180203/followers","following_url":"https://api.github.com/users/Anurag180203/following{/other_user}","gists_url":"https://api.github.com/users/Anurag180203/gists{/gist_id}","starred_url":"https://api.github.com/users/Anurag180203/starred{/owner}{/repo}","subscriptions_url":"https://api.github.com/users/Anurag180203/subscriptions","organizations_url":"https://api.github.com/users/Anurag180203/orgs","repos_url":"https://api.github.com/users/Anurag180203/repos","events_url":"https://api.github.com/users/Anurag180203/events{/privacy}","received_events_url":"https://api.github.com/users/Anurag180203/received_events","type":"User","site_admin":false,"name":"Anurag Sharma","company":null,"blog":"","location":"India","email":null,"hireable":null,"bio":"Student at Lovely Professional University","twitter_username":null,"public_repos":26,"public_gists":0,"followers":7,"following":6,"created_at":"2022-09-05T07:29:20Z","updated_at":"2023-11-23T14:38:54Z","private_gists":0,"total_private_repos":12,"owned_private_repos":12,"disk_usage":167452,"collaborators":0,"two_factor_authentication":false,"plan":{"name":"pro","space":976562499,"collaborators":0,"private_repos":9999}}
[info] 
[info] +  Success! Logged into GitHub as Anurag180203 
[info] 
